<?xml version="1.0" encoding="UTF-8"?>
<!-- Generated by org.testng.reporters.JUnitXMLReporter -->
<testsuite ignored="0" hostname="DESKTOP-VGB5KRT" failures="0" tests="1" name="iBanking Project Test" time="0.072" errors="0" timestamp="2020-12-04T14:40:06 BDT">
  <testcase classname="com.ibanking.testCases.BaseClass" name="@BeforeClass setUp" time="0.018">
    <failure type="java.lang.NullPointerException">
      <![CDATA[java.lang.NullPointerException
at com.ibanking.testCases.BaseClass.setUp(BaseClass.java:39)
at java.base/java.util.ArrayList.forEach(ArrayList.java:1511)
... Removed 25 stack frames]]>
    </failure>
  </testcase> <!-- @BeforeClass setUp -->
  <testcase classname="com.ibanking.testCases.BaseClass" name="@AfterClass tearDown" time="-1.607071206614E9">
    <skipped/>
  </testcase> <!-- @AfterClass tearDown -->
  <testcase classname="com.ibanking.testCases.TC_LoginPageTest_001" name="loginTest" time="0.0">
    <skipped/>
  </testcase> <!-- loginTest -->
</testsuite> <!-- iBanking Project Test -->
