<?xml version="1.0" encoding="UTF-8"?>
<testng-results ignored="0" total="1" passed="1" failed="0" skipped="0">
  <reporter-output>
  </reporter-output>
  <suite started-at="2020-12-07T01:53:24 BDT" name="iBanking Project Suite" finished-at="2020-12-07T01:54:03 BDT" duration-ms="39130">
    <groups>
    </groups>
    <test started-at="2020-12-07T01:53:24 BDT" name="iBanking Project Test" finished-at="2020-12-07T01:54:03 BDT" duration-ms="39130">
      <class name="com.ibanking.testCases.TC_AddCustomerTest_003">
        <test-method is-config="true" signature="setUp(java.lang.String)[pri:0, instance:com.ibanking.testCases.TC_AddCustomerTest_003@12e61fe6]" started-at="2020-12-07T01:53:24 BDT" name="setUp" finished-at="2020-12-07T01:53:33 BDT" duration-ms="9251" status="PASS">
          <params>
            <param index="0">
              <value>
                <![CDATA[chrome]]>
              </value>
            </param>
          </params>
          <reporter-output>
          </reporter-output>
        </test-method> <!-- setUp -->
        <test-method signature="addNewCustomer()[pri:0, instance:com.ibanking.testCases.TC_AddCustomerTest_003@12e61fe6]" started-at="2020-12-07T01:53:33 BDT" name="addNewCustomer" finished-at="2020-12-07T01:54:02 BDT" duration-ms="28731" status="PASS">
          <reporter-output>
          </reporter-output>
        </test-method> <!-- addNewCustomer -->
        <test-method is-config="true" signature="tearDown()[pri:0, instance:com.ibanking.testCases.TC_AddCustomerTest_003@12e61fe6]" started-at="2020-12-07T01:54:02 BDT" name="tearDown" finished-at="2020-12-07T01:54:03 BDT" duration-ms="849" status="PASS">
          <reporter-output>
          </reporter-output>
        </test-method> <!-- tearDown -->
      </class> <!-- com.ibanking.testCases.TC_AddCustomerTest_003 -->
    </test> <!-- iBanking Project Test -->
  </suite> <!-- iBanking Project Suite -->
</testng-results>
